INFO - 2023-07-09 10:57:42 --> Session: Class initialized using 'CodeIgniter\Session\Handlers\FileHandler' driver.
ERROR - 2023-07-09 10:57:42 --> Error connecting to the database: mysqli_sql_exception: Unknown database 'ukk' in /sdcard/Project/Personal/Coding/Php/CodeIgniter/system/Database/MySQLi/Connection.php:173
Stack trace:
#0 /sdcard/Project/Personal/Coding/Php/CodeIgniter/system/Database/MySQLi/Connection.php(173): mysqli->real_connect()
#1 /sdcard/Project/Personal/Coding/Php/CodeIgniter/system/Database/BaseConnection.php(391): CodeIgniter\Database\MySQLi\Connection->connect()
#2 /sdcard/Project/Personal/Coding/Php/CodeIgniter/system/Database/BaseConnection.php(573): CodeIgniter\Database\BaseConnection->initialize()
#3 /sdcard/Project/Personal/Coding/Php/CodeIgniter/system/Database/BaseBuilder.php(1616): CodeIgniter\Database\BaseConnection->query()
#4 /sdcard/Project/Personal/Coding/Php/CodeIgniter/app/Models/Model.php(95): CodeIgniter\Database\BaseBuilder->get()
#5 /sdcard/Project/Personal/Coding/Php/CodeIgniter/app/Models/Model.php(90): App\Models\Model::selectAll()
#6 /sdcard/Project/Personal/Coding/Php/CodeIgniter/app/Models/Complaint.php(33): App\Models\Model::select()
#7 /sdcard/Project/Personal/Coding/Php/CodeIgniter/app/Controllers/Main.php(186): App\Models\Complaint::select()
#8 /sdcard/Project/Personal/Coding/Php/CodeIgniter/system/CodeIgniter.php(934): App\Controllers\Main->main()
#9 /sdcard/Project/Personal/Coding/Php/CodeIgniter/system/CodeIgniter.php(499): CodeIgniter\CodeIgniter->runController()
#10 /sdcard/Project/Personal/Coding/Php/CodeIgniter/system/CodeIgniter.php(368): CodeIgniter\CodeIgniter->handleRequest()
#11 /sdcard/Project/Personal/Coding/Php/CodeIgniter/public/index.php(67): CodeIgniter\CodeIgniter->run()
#12 /sdcard/Project/Personal/Coding/Php/CodeIgniter/system/Commands/Server/rewrite.php(47): require_once('...')
#13 {main}

Next CodeIgniter\Database\Exceptions\DatabaseException: Unknown database 'ukk' in /sdcard/Project/Personal/Coding/Php/CodeIgniter/system/Database/MySQLi/Connection.php:218
Stack trace:
#0 /sdcard/Project/Personal/Coding/Php/CodeIgniter/system/Database/BaseConnection.php(391): CodeIgniter\Database\MySQLi\Connection->connect()
#1 /sdcard/Project/Personal/Coding/Php/CodeIgniter/system/Database/BaseConnection.php(573): CodeIgniter\Database\BaseConnection->initialize()
#2 /sdcard/Project/Personal/Coding/Php/CodeIgniter/system/Database/BaseBuilder.php(1616): CodeIgniter\Database\BaseConnection->query()
#3 /sdcard/Project/Personal/Coding/Php/CodeIgniter/app/Models/Model.php(95): CodeIgniter\Database\BaseBuilder->get()
#4 /sdcard/Project/Personal/Coding/Php/CodeIgniter/app/Models/Model.php(90): App\Models\Model::selectAll()
#5 /sdcard/Project/Personal/Coding/Php/CodeIgniter/app/Models/Complaint.php(33): App\Models\Model::select()
#6 /sdcard/Project/Personal/Coding/Php/CodeIgniter/app/Controllers/Main.php(186): App\Models\Complaint::select()
#7 /sdcard/Project/Personal/Coding/Php/CodeIgniter/system/CodeIgniter.php(934): App\Controllers\Main->main()
#8 /sdcard/Project/Personal/Coding/Php/CodeIgniter/system/CodeIgniter.php(499): CodeIgniter\CodeIgniter->runController()
#9 /sdcard/Project/Personal/Coding/Php/CodeIgniter/system/CodeIgniter.php(368): CodeIgniter\CodeIgniter->handleRequest()
#10 /sdcard/Project/Personal/Coding/Php/CodeIgniter/public/index.php(67): CodeIgniter\CodeIgniter->run()
#11 /sdcard/Project/Personal/Coding/Php/CodeIgniter/system/Commands/Server/rewrite.php(47): require_once('...')
#12 {main}
CRITICAL - 2023-07-09 10:57:42 --> Unable to connect to the database.
Main connection [MySQLi]: Unknown database 'ukk'
in SYSTEMPATH/Database/BaseConnection.php on line 427.
 1 SYSTEMPATH/Database/BaseConnection.php(573): CodeIgniter\Database\BaseConnection->initialize()
 2 SYSTEMPATH/Database/BaseBuilder.php(1616): CodeIgniter\Database\BaseConnection->query()
 3 APPPATH/Models/Model.php(95): CodeIgniter\Database\BaseBuilder->get()
 4 APPPATH/Models/Model.php(90): App\Models\Model::selectAll()
 5 APPPATH/Models/Complaint.php(33): App\Models\Model::select()
 6 APPPATH/Controllers/Main.php(186): App\Models\Complaint::select()
 7 SYSTEMPATH/CodeIgniter.php(934): App\Controllers\Main->main()
 8 SYSTEMPATH/CodeIgniter.php(499): CodeIgniter\CodeIgniter->runController()
 9 SYSTEMPATH/CodeIgniter.php(368): CodeIgniter\CodeIgniter->handleRequest()
10 FCPATH/index.php(67): CodeIgniter\CodeIgniter->run()
11 SYSTEMPATH/Commands/Server/rewrite.php(47): require_once('FCPATH/index.php')
INFO - 2023-07-09 10:59:07 --> Session: Class initialized using 'CodeIgniter\Session\Handlers\FileHandler' driver.
INFO - 2023-07-09 11:00:17 --> Session: Class initialized using 'CodeIgniter\Session\Handlers\FileHandler' driver.
INFO - 2023-07-09 11:00:17 --> Session: Class initialized using 'CodeIgniter\Session\Handlers\FileHandler' driver.
INFO - 2023-07-09 11:01:31 --> Session: Class initialized using 'CodeIgniter\Session\Handlers\FileHandler' driver.
INFO - 2023-07-09 11:01:39 --> Session: Class initialized using 'CodeIgniter\Session\Handlers\FileHandler' driver.
INFO - 2023-07-09 11:01:57 --> Session: Class initialized using 'CodeIgniter\Session\Handlers\FileHandler' driver.
INFO - 2023-07-09 11:01:57 --> Session: Class initialized using 'CodeIgniter\Session\Handlers\FileHandler' driver.
INFO - 2023-07-09 11:02:12 --> Session: Class initialized using 'CodeIgniter\Session\Handlers\FileHandler' driver.
INFO - 2023-07-09 11:02:12 --> Session: Class initialized using 'CodeIgniter\Session\Handlers\FileHandler' driver.
INFO - 2023-07-09 11:02:26 --> Session: Class initialized using 'CodeIgniter\Session\Handlers\FileHandler' driver.
INFO - 2023-07-09 11:02:26 --> Session: Class initialized using 'CodeIgniter\Session\Handlers\FileHandler' driver.
INFO - 2023-07-09 11:02:33 --> Session: Class initialized using 'CodeIgniter\Session\Handlers\FileHandler' driver.
INFO - 2023-07-09 11:02:38 --> Session: Class initialized using 'CodeIgniter\Session\Handlers\FileHandler' driver.
INFO - 2023-07-09 11:03:08 --> Session: Class initialized using 'CodeIgniter\Session\Handlers\FileHandler' driver.
INFO - 2023-07-09 11:03:18 --> Session: Class initialized using 'CodeIgniter\Session\Handlers\FileHandler' driver.
INFO - 2023-07-09 11:03:21 --> Session: Class initialized using 'CodeIgniter\Session\Handlers\FileHandler' driver.
INFO - 2023-07-09 11:03:21 --> Session: Class initialized using 'CodeIgniter\Session\Handlers\FileHandler' driver.
INFO - 2023-07-09 11:03:34 --> Session: Class initialized using 'CodeIgniter\Session\Handlers\FileHandler' driver.
INFO - 2023-07-09 11:03:34 --> Session: Class initialized using 'CodeIgniter\Session\Handlers\FileHandler' driver.
INFO - 2023-07-09 11:03:54 --> Session: Class initialized using 'CodeIgniter\Session\Handlers\FileHandler' driver.
INFO - 2023-07-09 11:03:56 --> Session: Class initialized using 'CodeIgniter\Session\Handlers\FileHandler' driver.
INFO - 2023-07-09 11:04:05 --> Session: Class initialized using 'CodeIgniter\Session\Handlers\FileHandler' driver.
INFO - 2023-07-09 11:04:12 --> Session: Class initialized using 'CodeIgniter\Session\Handlers\FileHandler' driver.
INFO - 2023-07-09 11:18:08 --> Session: Class initialized using 'CodeIgniter\Session\Handlers\FileHandler' driver.
ERROR - 2023-07-09 11:18:08 --> Error connecting to the database: mysqli_sql_exception: Unknown database 'ukk' in /sdcard/Project/Personal/Coding/Php/Complaint/system/Database/MySQLi/Connection.php:173
Stack trace:
#0 /sdcard/Project/Personal/Coding/Php/Complaint/system/Database/MySQLi/Connection.php(173): mysqli->real_connect()
#1 /sdcard/Project/Personal/Coding/Php/Complaint/system/Database/BaseConnection.php(391): CodeIgniter\Database\MySQLi\Connection->connect()
#2 /sdcard/Project/Personal/Coding/Php/Complaint/system/Database/BaseConnection.php(573): CodeIgniter\Database\BaseConnection->initialize()
#3 /sdcard/Project/Personal/Coding/Php/Complaint/system/Database/BaseBuilder.php(1616): CodeIgniter\Database\BaseConnection->query()
#4 /sdcard/Project/Personal/Coding/Php/Complaint/app/Models/Model.php(95): CodeIgniter\Database\BaseBuilder->get()
#5 /sdcard/Project/Personal/Coding/Php/Complaint/app/Models/Model.php(90): App\Models\Model::selectAll()
#6 /sdcard/Project/Personal/Coding/Php/Complaint/app/Controllers/Main.php(134): App\Models\Model::select()
#7 /sdcard/Project/Personal/Coding/Php/Complaint/system/CodeIgniter.php(934): App\Controllers\Main->main()
#8 /sdcard/Project/Personal/Coding/Php/Complaint/system/CodeIgniter.php(499): CodeIgniter\CodeIgniter->runController()
#9 /sdcard/Project/Personal/Coding/Php/Complaint/system/CodeIgniter.php(368): CodeIgniter\CodeIgniter->handleRequest()
#10 /sdcard/Project/Personal/Coding/Php/Complaint/public/index.php(67): CodeIgniter\CodeIgniter->run()
#11 /sdcard/Project/Personal/Coding/Php/Complaint/system/Commands/Server/rewrite.php(47): require_once('...')
#12 {main}

Next CodeIgniter\Database\Exceptions\DatabaseException: Unknown database 'ukk' in /sdcard/Project/Personal/Coding/Php/Complaint/system/Database/MySQLi/Connection.php:218
Stack trace:
#0 /sdcard/Project/Personal/Coding/Php/Complaint/system/Database/BaseConnection.php(391): CodeIgniter\Database\MySQLi\Connection->connect()
#1 /sdcard/Project/Personal/Coding/Php/Complaint/system/Database/BaseConnection.php(573): CodeIgniter\Database\BaseConnection->initialize()
#2 /sdcard/Project/Personal/Coding/Php/Complaint/system/Database/BaseBuilder.php(1616): CodeIgniter\Database\BaseConnection->query()
#3 /sdcard/Project/Personal/Coding/Php/Complaint/app/Models/Model.php(95): CodeIgniter\Database\BaseBuilder->get()
#4 /sdcard/Project/Personal/Coding/Php/Complaint/app/Models/Model.php(90): App\Models\Model::selectAll()
#5 /sdcard/Project/Personal/Coding/Php/Complaint/app/Controllers/Main.php(134): App\Models\Model::select()
#6 /sdcard/Project/Personal/Coding/Php/Complaint/system/CodeIgniter.php(934): App\Controllers\Main->main()
#7 /sdcard/Project/Personal/Coding/Php/Complaint/system/CodeIgniter.php(499): CodeIgniter\CodeIgniter->runController()
#8 /sdcard/Project/Personal/Coding/Php/Complaint/system/CodeIgniter.php(368): CodeIgniter\CodeIgniter->handleRequest()
#9 /sdcard/Project/Personal/Coding/Php/Complaint/public/index.php(67): CodeIgniter\CodeIgniter->run()
#10 /sdcard/Project/Personal/Coding/Php/Complaint/system/Commands/Server/rewrite.php(47): require_once('...')
#11 {main}
CRITICAL - 2023-07-09 11:18:08 --> Unable to connect to the database.
Main connection [MySQLi]: Unknown database 'ukk'
in SYSTEMPATH/Database/BaseConnection.php on line 427.
 1 SYSTEMPATH/Database/BaseConnection.php(573): CodeIgniter\Database\BaseConnection->initialize()
 2 SYSTEMPATH/Database/BaseBuilder.php(1616): CodeIgniter\Database\BaseConnection->query()
 3 APPPATH/Models/Model.php(95): CodeIgniter\Database\BaseBuilder->get()
 4 APPPATH/Models/Model.php(90): App\Models\Model::selectAll()
 5 APPPATH/Controllers/Main.php(134): App\Models\Model::select()
 6 SYSTEMPATH/CodeIgniter.php(934): App\Controllers\Main->main()
 7 SYSTEMPATH/CodeIgniter.php(499): CodeIgniter\CodeIgniter->runController()
 8 SYSTEMPATH/CodeIgniter.php(368): CodeIgniter\CodeIgniter->handleRequest()
 9 FCPATH/index.php(67): CodeIgniter\CodeIgniter->run()
10 SYSTEMPATH/Commands/Server/rewrite.php(47): require_once('FCPATH/index.php')
INFO - 2023-07-09 12:01:57 --> Session: Class initialized using 'CodeIgniter\Session\Handlers\FileHandler' driver.
INFO - 2023-07-09 12:02:02 --> Session: Class initialized using 'CodeIgniter\Session\Handlers\FileHandler' driver.
INFO - 2023-07-09 12:02:06 --> Session: Class initialized using 'CodeIgniter\Session\Handlers\FileHandler' driver.
INFO - 2023-07-09 12:02:06 --> Session: Class initialized using 'CodeIgniter\Session\Handlers\FileHandler' driver.
INFO - 2023-07-09 12:09:28 --> Session: Class initialized using 'CodeIgniter\Session\Handlers\FileHandler' driver.
INFO - 2023-07-09 12:09:31 --> Session: Class initialized using 'CodeIgniter\Session\Handlers\FileHandler' driver.
INFO - 2023-07-09 12:09:48 --> Session: Class initialized using 'CodeIgniter\Session\Handlers\FileHandler' driver.
INFO - 2023-07-09 12:11:22 --> Session: Class initialized using 'CodeIgniter\Session\Handlers\FileHandler' driver.
INFO - 2023-07-09 12:11:24 --> Session: Class initialized using 'CodeIgniter\Session\Handlers\FileHandler' driver.
INFO - 2023-07-09 12:11:34 --> Session: Class initialized using 'CodeIgniter\Session\Handlers\FileHandler' driver.
INFO - 2023-07-09 12:11:34 --> Session: Class initialized using 'CodeIgniter\Session\Handlers\FileHandler' driver.
INFO - 2023-07-09 12:11:41 --> Session: Class initialized using 'CodeIgniter\Session\Handlers\FileHandler' driver.
INFO - 2023-07-09 12:11:50 --> Session: Class initialized using 'CodeIgniter\Session\Handlers\FileHandler' driver.
INFO - 2023-07-09 12:11:50 --> Session: Class initialized using 'CodeIgniter\Session\Handlers\FileHandler' driver.
INFO - 2023-07-09 12:12:05 --> Session: Class initialized using 'CodeIgniter\Session\Handlers\FileHandler' driver.
INFO - 2023-07-09 12:12:18 --> Session: Class initialized using 'CodeIgniter\Session\Handlers\FileHandler' driver.
INFO - 2023-07-09 12:12:18 --> Session: Class initialized using 'CodeIgniter\Session\Handlers\FileHandler' driver.
INFO - 2023-07-09 12:12:27 --> Session: Class initialized using 'CodeIgniter\Session\Handlers\FileHandler' driver.
INFO - 2023-07-09 12:12:27 --> Session: Class initialized using 'CodeIgniter\Session\Handlers\FileHandler' driver.
INFO - 2023-07-09 12:12:33 --> Session: Class initialized using 'CodeIgniter\Session\Handlers\FileHandler' driver.
INFO - 2023-07-09 12:12:36 --> Session: Class initialized using 'CodeIgniter\Session\Handlers\FileHandler' driver.
INFO - 2023-07-09 12:12:42 --> Session: Class initialized using 'CodeIgniter\Session\Handlers\FileHandler' driver.
INFO - 2023-07-09 12:12:48 --> Session: Class initialized using 'CodeIgniter\Session\Handlers\FileHandler' driver.
INFO - 2023-07-09 12:12:53 --> Session: Class initialized using 'CodeIgniter\Session\Handlers\FileHandler' driver.
INFO - 2023-07-09 12:12:59 --> Session: Class initialized using 'CodeIgniter\Session\Handlers\FileHandler' driver.
INFO - 2023-07-09 12:13:02 --> Session: Class initialized using 'CodeIgniter\Session\Handlers\FileHandler' driver.
INFO - 2023-07-09 12:13:05 --> Session: Class initialized using 'CodeIgniter\Session\Handlers\FileHandler' driver.
INFO - 2023-07-09 12:13:11 --> Session: Class initialized using 'CodeIgniter\Session\Handlers\FileHandler' driver.
INFO - 2023-07-09 12:13:49 --> Session: Class initialized using 'CodeIgniter\Session\Handlers\FileHandler' driver.
INFO - 2023-07-09 12:23:07 --> Session: Class initialized using 'CodeIgniter\Session\Handlers\FileHandler' driver.
INFO - 2023-07-09 12:23:12 --> Session: Class initialized using 'CodeIgniter\Session\Handlers\FileHandler' driver.
INFO - 2023-07-09 12:23:17 --> Session: Class initialized using 'CodeIgniter\Session\Handlers\FileHandler' driver.
INFO - 2023-07-09 12:25:07 --> Session: Class initialized using 'CodeIgniter\Session\Handlers\FileHandler' driver.
