INFO - 2023-07-11 06:27:03 --> Session: Class initialized using 'CodeIgniter\Session\Handlers\FileHandler' driver.
ERROR - 2023-07-11 06:27:03 --> Error connecting to the database: mysqli_sql_exception: Unknown database 'complaints' in /sdcard/Project/Personal/Coding/Php/Complaints/ci4/system/Database/MySQLi/Connection.php:173
Stack trace:
#0 /sdcard/Project/Personal/Coding/Php/Complaints/ci4/system/Database/MySQLi/Connection.php(173): mysqli->real_connect()
#1 /sdcard/Project/Personal/Coding/Php/Complaints/ci4/system/Database/BaseConnection.php(391): CodeIgniter\Database\MySQLi\Connection->connect()
#2 /sdcard/Project/Personal/Coding/Php/Complaints/ci4/system/Database/BaseConnection.php(573): CodeIgniter\Database\BaseConnection->initialize()
#3 /sdcard/Project/Personal/Coding/Php/Complaints/ci4/system/Database/BaseBuilder.php(1616): CodeIgniter\Database\BaseConnection->query()
#4 /sdcard/Project/Personal/Coding/Php/Complaints/ci4/app/Models/Model.php(95): CodeIgniter\Database\BaseBuilder->get()
#5 /sdcard/Project/Personal/Coding/Php/Complaints/ci4/app/Models/Model.php(90): App\Models\Model::selectAll()
#6 /sdcard/Project/Personal/Coding/Php/Complaints/ci4/app/Models/Complaint.php(33): App\Models\Model::select()
#7 /sdcard/Project/Personal/Coding/Php/Complaints/ci4/app/Controllers/Main.php(186): App\Models\Complaint::select()
#8 /sdcard/Project/Personal/Coding/Php/Complaints/ci4/system/CodeIgniter.php(934): App\Controllers\Main->main()
#9 /sdcard/Project/Personal/Coding/Php/Complaints/ci4/system/CodeIgniter.php(499): CodeIgniter\CodeIgniter->runController()
#10 /sdcard/Project/Personal/Coding/Php/Complaints/ci4/system/CodeIgniter.php(368): CodeIgniter\CodeIgniter->handleRequest()
#11 /sdcard/Project/Personal/Coding/Php/Complaints/ci4/public/index.php(67): CodeIgniter\CodeIgniter->run()
#12 /sdcard/Project/Personal/Coding/Php/Complaints/ci4/system/Commands/Server/rewrite.php(47): require_once('...')
#13 {main}

Next CodeIgniter\Database\Exceptions\DatabaseException: Unknown database 'complaints' in /sdcard/Project/Personal/Coding/Php/Complaints/ci4/system/Database/MySQLi/Connection.php:218
Stack trace:
#0 /sdcard/Project/Personal/Coding/Php/Complaints/ci4/system/Database/BaseConnection.php(391): CodeIgniter\Database\MySQLi\Connection->connect()
#1 /sdcard/Project/Personal/Coding/Php/Complaints/ci4/system/Database/BaseConnection.php(573): CodeIgniter\Database\BaseConnection->initialize()
#2 /sdcard/Project/Personal/Coding/Php/Complaints/ci4/system/Database/BaseBuilder.php(1616): CodeIgniter\Database\BaseConnection->query()
#3 /sdcard/Project/Personal/Coding/Php/Complaints/ci4/app/Models/Model.php(95): CodeIgniter\Database\BaseBuilder->get()
#4 /sdcard/Project/Personal/Coding/Php/Complaints/ci4/app/Models/Model.php(90): App\Models\Model::selectAll()
#5 /sdcard/Project/Personal/Coding/Php/Complaints/ci4/app/Models/Complaint.php(33): App\Models\Model::select()
#6 /sdcard/Project/Personal/Coding/Php/Complaints/ci4/app/Controllers/Main.php(186): App\Models\Complaint::select()
#7 /sdcard/Project/Personal/Coding/Php/Complaints/ci4/system/CodeIgniter.php(934): App\Controllers\Main->main()
#8 /sdcard/Project/Personal/Coding/Php/Complaints/ci4/system/CodeIgniter.php(499): CodeIgniter\CodeIgniter->runController()
#9 /sdcard/Project/Personal/Coding/Php/Complaints/ci4/system/CodeIgniter.php(368): CodeIgniter\CodeIgniter->handleRequest()
#10 /sdcard/Project/Personal/Coding/Php/Complaints/ci4/public/index.php(67): CodeIgniter\CodeIgniter->run()
#11 /sdcard/Project/Personal/Coding/Php/Complaints/ci4/system/Commands/Server/rewrite.php(47): require_once('...')
#12 {main}
CRITICAL - 2023-07-11 06:27:03 --> Unable to connect to the database.
Main connection [MySQLi]: Unknown database 'complaints'
in SYSTEMPATH/Database/BaseConnection.php on line 427.
 1 SYSTEMPATH/Database/BaseConnection.php(573): CodeIgniter\Database\BaseConnection->initialize()
 2 SYSTEMPATH/Database/BaseBuilder.php(1616): CodeIgniter\Database\BaseConnection->query()
 3 APPPATH/Models/Model.php(95): CodeIgniter\Database\BaseBuilder->get()
 4 APPPATH/Models/Model.php(90): App\Models\Model::selectAll()
 5 APPPATH/Models/Complaint.php(33): App\Models\Model::select()
 6 APPPATH/Controllers/Main.php(186): App\Models\Complaint::select()
 7 SYSTEMPATH/CodeIgniter.php(934): App\Controllers\Main->main()
 8 SYSTEMPATH/CodeIgniter.php(499): CodeIgniter\CodeIgniter->runController()
 9 SYSTEMPATH/CodeIgniter.php(368): CodeIgniter\CodeIgniter->handleRequest()
10 FCPATH/index.php(67): CodeIgniter\CodeIgniter->run()
11 SYSTEMPATH/Commands/Server/rewrite.php(47): require_once('FCPATH/index.php')
INFO - 2023-07-11 06:27:24 --> Session: Class initialized using 'CodeIgniter\Session\Handlers\FileHandler' driver.
ERROR - 2023-07-11 06:27:24 --> Error connecting to the database: mysqli_sql_exception: Unknown database 'complaints' in /sdcard/Project/Personal/Coding/Php/Complaints/ci4/system/Database/MySQLi/Connection.php:173
Stack trace:
#0 /sdcard/Project/Personal/Coding/Php/Complaints/ci4/system/Database/MySQLi/Connection.php(173): mysqli->real_connect()
#1 /sdcard/Project/Personal/Coding/Php/Complaints/ci4/system/Database/BaseConnection.php(391): CodeIgniter\Database\MySQLi\Connection->connect()
#2 /sdcard/Project/Personal/Coding/Php/Complaints/ci4/system/Database/BaseConnection.php(573): CodeIgniter\Database\BaseConnection->initialize()
#3 /sdcard/Project/Personal/Coding/Php/Complaints/ci4/system/Database/BaseBuilder.php(1616): CodeIgniter\Database\BaseConnection->query()
#4 /sdcard/Project/Personal/Coding/Php/Complaints/ci4/app/Models/Model.php(95): CodeIgniter\Database\BaseBuilder->get()
#5 /sdcard/Project/Personal/Coding/Php/Complaints/ci4/app/Models/Model.php(90): App\Models\Model::selectAll()
#6 /sdcard/Project/Personal/Coding/Php/Complaints/ci4/app/Models/Complaint.php(33): App\Models\Model::select()
#7 /sdcard/Project/Personal/Coding/Php/Complaints/ci4/app/Controllers/Main.php(186): App\Models\Complaint::select()
#8 /sdcard/Project/Personal/Coding/Php/Complaints/ci4/system/CodeIgniter.php(934): App\Controllers\Main->main()
#9 /sdcard/Project/Personal/Coding/Php/Complaints/ci4/system/CodeIgniter.php(499): CodeIgniter\CodeIgniter->runController()
#10 /sdcard/Project/Personal/Coding/Php/Complaints/ci4/system/CodeIgniter.php(368): CodeIgniter\CodeIgniter->handleRequest()
#11 /sdcard/Project/Personal/Coding/Php/Complaints/ci4/public/index.php(67): CodeIgniter\CodeIgniter->run()
#12 /sdcard/Project/Personal/Coding/Php/Complaints/ci4/system/Commands/Server/rewrite.php(47): require_once('...')
#13 {main}

Next CodeIgniter\Database\Exceptions\DatabaseException: Unknown database 'complaints' in /sdcard/Project/Personal/Coding/Php/Complaints/ci4/system/Database/MySQLi/Connection.php:218
Stack trace:
#0 /sdcard/Project/Personal/Coding/Php/Complaints/ci4/system/Database/BaseConnection.php(391): CodeIgniter\Database\MySQLi\Connection->connect()
#1 /sdcard/Project/Personal/Coding/Php/Complaints/ci4/system/Database/BaseConnection.php(573): CodeIgniter\Database\BaseConnection->initialize()
#2 /sdcard/Project/Personal/Coding/Php/Complaints/ci4/system/Database/BaseBuilder.php(1616): CodeIgniter\Database\BaseConnection->query()
#3 /sdcard/Project/Personal/Coding/Php/Complaints/ci4/app/Models/Model.php(95): CodeIgniter\Database\BaseBuilder->get()
#4 /sdcard/Project/Personal/Coding/Php/Complaints/ci4/app/Models/Model.php(90): App\Models\Model::selectAll()
#5 /sdcard/Project/Personal/Coding/Php/Complaints/ci4/app/Models/Complaint.php(33): App\Models\Model::select()
#6 /sdcard/Project/Personal/Coding/Php/Complaints/ci4/app/Controllers/Main.php(186): App\Models\Complaint::select()
#7 /sdcard/Project/Personal/Coding/Php/Complaints/ci4/system/CodeIgniter.php(934): App\Controllers\Main->main()
#8 /sdcard/Project/Personal/Coding/Php/Complaints/ci4/system/CodeIgniter.php(499): CodeIgniter\CodeIgniter->runController()
#9 /sdcard/Project/Personal/Coding/Php/Complaints/ci4/system/CodeIgniter.php(368): CodeIgniter\CodeIgniter->handleRequest()
#10 /sdcard/Project/Personal/Coding/Php/Complaints/ci4/public/index.php(67): CodeIgniter\CodeIgniter->run()
#11 /sdcard/Project/Personal/Coding/Php/Complaints/ci4/system/Commands/Server/rewrite.php(47): require_once('...')
#12 {main}
CRITICAL - 2023-07-11 06:27:24 --> Unable to connect to the database.
Main connection [MySQLi]: Unknown database 'complaints'
in SYSTEMPATH/Database/BaseConnection.php on line 427.
 1 SYSTEMPATH/Database/BaseConnection.php(573): CodeIgniter\Database\BaseConnection->initialize()
 2 SYSTEMPATH/Database/BaseBuilder.php(1616): CodeIgniter\Database\BaseConnection->query()
 3 APPPATH/Models/Model.php(95): CodeIgniter\Database\BaseBuilder->get()
 4 APPPATH/Models/Model.php(90): App\Models\Model::selectAll()
 5 APPPATH/Models/Complaint.php(33): App\Models\Model::select()
 6 APPPATH/Controllers/Main.php(186): App\Models\Complaint::select()
 7 SYSTEMPATH/CodeIgniter.php(934): App\Controllers\Main->main()
 8 SYSTEMPATH/CodeIgniter.php(499): CodeIgniter\CodeIgniter->runController()
 9 SYSTEMPATH/CodeIgniter.php(368): CodeIgniter\CodeIgniter->handleRequest()
10 FCPATH/index.php(67): CodeIgniter\CodeIgniter->run()
11 SYSTEMPATH/Commands/Server/rewrite.php(47): require_once('FCPATH/index.php')
INFO - 2023-07-11 06:28:58 --> Session: Class initialized using 'CodeIgniter\Session\Handlers\FileHandler' driver.
INFO - 2023-07-11 06:29:16 --> Session: Class initialized using 'CodeIgniter\Session\Handlers\FileHandler' driver.
INFO - 2023-07-11 06:29:24 --> Session: Class initialized using 'CodeIgniter\Session\Handlers\FileHandler' driver.
INFO - 2023-07-11 06:29:28 --> Session: Class initialized using 'CodeIgniter\Session\Handlers\FileHandler' driver.
INFO - 2023-07-11 06:49:48 --> Session: Class initialized using 'CodeIgniter\Session\Handlers\FileHandler' driver.
INFO - 2023-07-11 06:49:50 --> Session: Class initialized using 'CodeIgniter\Session\Handlers\FileHandler' driver.
INFO - 2023-07-11 06:50:03 --> Session: Class initialized using 'CodeIgniter\Session\Handlers\FileHandler' driver.
INFO - 2023-07-11 06:50:03 --> Session: Class initialized using 'CodeIgniter\Session\Handlers\FileHandler' driver.
INFO - 2023-07-11 06:50:40 --> Session: Class initialized using 'CodeIgniter\Session\Handlers\FileHandler' driver.
INFO - 2023-07-11 06:50:41 --> Session: Class initialized using 'CodeIgniter\Session\Handlers\FileHandler' driver.
INFO - 2023-07-11 06:51:48 --> Session: Class initialized using 'CodeIgniter\Session\Handlers\FileHandler' driver.
INFO - 2023-07-11 06:52:22 --> Session: Class initialized using 'CodeIgniter\Session\Handlers\FileHandler' driver.
INFO - 2023-07-11 06:52:52 --> Session: Class initialized using 'CodeIgniter\Session\Handlers\FileHandler' driver.
INFO - 2023-07-11 06:52:52 --> Session: Class initialized using 'CodeIgniter\Session\Handlers\FileHandler' driver.
INFO - 2023-07-11 06:53:47 --> Session: Class initialized using 'CodeIgniter\Session\Handlers\FileHandler' driver.
INFO - 2023-07-11 06:53:48 --> Session: Class initialized using 'CodeIgniter\Session\Handlers\FileHandler' driver.
INFO - 2023-07-11 06:53:58 --> Session: Class initialized using 'CodeIgniter\Session\Handlers\FileHandler' driver.
INFO - 2023-07-11 06:53:58 --> Session: Class initialized using 'CodeIgniter\Session\Handlers\FileHandler' driver.
INFO - 2023-07-11 06:54:03 --> Session: Class initialized using 'CodeIgniter\Session\Handlers\FileHandler' driver.
INFO - 2023-07-11 06:54:03 --> Session: Class initialized using 'CodeIgniter\Session\Handlers\FileHandler' driver.
INFO - 2023-07-11 06:54:12 --> Session: Class initialized using 'CodeIgniter\Session\Handlers\FileHandler' driver.
INFO - 2023-07-11 06:54:12 --> Session: Class initialized using 'CodeIgniter\Session\Handlers\FileHandler' driver.
INFO - 2023-07-11 06:54:39 --> Session: Class initialized using 'CodeIgniter\Session\Handlers\FileHandler' driver.
INFO - 2023-07-11 06:54:39 --> Session: Class initialized using 'CodeIgniter\Session\Handlers\FileHandler' driver.
INFO - 2023-07-11 06:54:47 --> Session: Class initialized using 'CodeIgniter\Session\Handlers\FileHandler' driver.
INFO - 2023-07-11 06:54:48 --> Session: Class initialized using 'CodeIgniter\Session\Handlers\FileHandler' driver.
INFO - 2023-07-11 06:59:09 --> Session: Class initialized using 'CodeIgniter\Session\Handlers\FileHandler' driver.
INFO - 2023-07-11 06:59:14 --> Session: Class initialized using 'CodeIgniter\Session\Handlers\FileHandler' driver.
INFO - 2023-07-11 06:59:19 --> Session: Class initialized using 'CodeIgniter\Session\Handlers\FileHandler' driver.
INFO - 2023-07-11 06:59:31 --> Session: Class initialized using 'CodeIgniter\Session\Handlers\FileHandler' driver.
INFO - 2023-07-11 07:02:45 --> Session: Class initialized using 'CodeIgniter\Session\Handlers\FileHandler' driver.
ERROR - 2023-07-11 07:02:45 --> mysqli_sql_exception: Unknown column 'id' in 'field list' in /sdcard/Project/Personal/Coding/Php/Complaints/ci4/system/Database/MySQLi/Connection.php:295
Stack trace:
#0 /sdcard/Project/Personal/Coding/Php/Complaints/ci4/system/Database/MySQLi/Connection.php(295): mysqli->query()
#1 /sdcard/Project/Personal/Coding/Php/Complaints/ci4/system/Database/BaseConnection.php(691): CodeIgniter\Database\MySQLi\Connection->execute()
#2 /sdcard/Project/Personal/Coding/Php/Complaints/ci4/system/Database/BaseConnection.php(605): CodeIgniter\Database\BaseConnection->simpleQuery()
#3 /sdcard/Project/Personal/Coding/Php/Complaints/ci4/system/Database/BaseBuilder.php(1616): CodeIgniter\Database\BaseConnection->query()
#4 /sdcard/Project/Personal/Coding/Php/Complaints/ci4/app/Models/Model.php(95): CodeIgniter\Database\BaseBuilder->get()
#5 /sdcard/Project/Personal/Coding/Php/Complaints/ci4/app/Controllers/Main.php(167): App\Models\Model::selectAll()
#6 /sdcard/Project/Personal/Coding/Php/Complaints/ci4/system/CodeIgniter.php(934): App\Controllers\Main->main()
#7 /sdcard/Project/Personal/Coding/Php/Complaints/ci4/system/CodeIgniter.php(499): CodeIgniter\CodeIgniter->runController()
#8 /sdcard/Project/Personal/Coding/Php/Complaints/ci4/system/CodeIgniter.php(368): CodeIgniter\CodeIgniter->handleRequest()
#9 /sdcard/Project/Personal/Coding/Php/Complaints/ci4/public/index.php(67): CodeIgniter\CodeIgniter->run()
#10 /sdcard/Project/Personal/Coding/Php/Complaints/ci4/system/Commands/Server/rewrite.php(47): require_once('...')
#11 {main}
CRITICAL - 2023-07-11 07:02:45 --> Unknown column 'id' in 'field list'
in SYSTEMPATH/Database/BaseConnection.php on line 645.
 1 SYSTEMPATH/Database/BaseBuilder.php(1616): CodeIgniter\Database\BaseConnection->query()
 2 APPPATH/Models/Model.php(95): CodeIgniter\Database\BaseBuilder->get()
 3 APPPATH/Controllers/Main.php(167): App\Models\Model::selectAll()
 4 SYSTEMPATH/CodeIgniter.php(934): App\Controllers\Main->main()
 5 SYSTEMPATH/CodeIgniter.php(499): CodeIgniter\CodeIgniter->runController()
 6 SYSTEMPATH/CodeIgniter.php(368): CodeIgniter\CodeIgniter->handleRequest()
 7 FCPATH/index.php(67): CodeIgniter\CodeIgniter->run()
 8 SYSTEMPATH/Commands/Server/rewrite.php(47): require_once('FCPATH/index.php')
INFO - 2023-07-11 07:02:50 --> Session: Class initialized using 'CodeIgniter\Session\Handlers\FileHandler' driver.
ERROR - 2023-07-11 07:02:50 --> mysqli_sql_exception: Unknown column 'id' in 'field list' in /sdcard/Project/Personal/Coding/Php/Complaints/ci4/system/Database/MySQLi/Connection.php:295
Stack trace:
#0 /sdcard/Project/Personal/Coding/Php/Complaints/ci4/system/Database/MySQLi/Connection.php(295): mysqli->query()
#1 /sdcard/Project/Personal/Coding/Php/Complaints/ci4/system/Database/BaseConnection.php(691): CodeIgniter\Database\MySQLi\Connection->execute()
#2 /sdcard/Project/Personal/Coding/Php/Complaints/ci4/system/Database/BaseConnection.php(605): CodeIgniter\Database\BaseConnection->simpleQuery()
#3 /sdcard/Project/Personal/Coding/Php/Complaints/ci4/system/Database/BaseBuilder.php(1616): CodeIgniter\Database\BaseConnection->query()
#4 /sdcard/Project/Personal/Coding/Php/Complaints/ci4/app/Models/Model.php(95): CodeIgniter\Database\BaseBuilder->get()
#5 /sdcard/Project/Personal/Coding/Php/Complaints/ci4/app/Controllers/Main.php(167): App\Models\Model::selectAll()
#6 /sdcard/Project/Personal/Coding/Php/Complaints/ci4/system/CodeIgniter.php(934): App\Controllers\Main->main()
#7 /sdcard/Project/Personal/Coding/Php/Complaints/ci4/system/CodeIgniter.php(499): CodeIgniter\CodeIgniter->runController()
#8 /sdcard/Project/Personal/Coding/Php/Complaints/ci4/system/CodeIgniter.php(368): CodeIgniter\CodeIgniter->handleRequest()
#9 /sdcard/Project/Personal/Coding/Php/Complaints/ci4/public/index.php(67): CodeIgniter\CodeIgniter->run()
#10 /sdcard/Project/Personal/Coding/Php/Complaints/ci4/system/Commands/Server/rewrite.php(47): require_once('...')
#11 {main}
CRITICAL - 2023-07-11 07:02:50 --> Unknown column 'id' in 'field list'
in SYSTEMPATH/Database/BaseConnection.php on line 645.
 1 SYSTEMPATH/Database/BaseBuilder.php(1616): CodeIgniter\Database\BaseConnection->query()
 2 APPPATH/Models/Model.php(95): CodeIgniter\Database\BaseBuilder->get()
 3 APPPATH/Controllers/Main.php(167): App\Models\Model::selectAll()
 4 SYSTEMPATH/CodeIgniter.php(934): App\Controllers\Main->main()
 5 SYSTEMPATH/CodeIgniter.php(499): CodeIgniter\CodeIgniter->runController()
 6 SYSTEMPATH/CodeIgniter.php(368): CodeIgniter\CodeIgniter->handleRequest()
 7 FCPATH/index.php(67): CodeIgniter\CodeIgniter->run()
 8 SYSTEMPATH/Commands/Server/rewrite.php(47): require_once('FCPATH/index.php')
INFO - 2023-07-11 07:03:53 --> Session: Class initialized using 'CodeIgniter\Session\Handlers\FileHandler' driver.
INFO - 2023-07-11 07:04:02 --> Session: Class initialized using 'CodeIgniter\Session\Handlers\FileHandler' driver.
INFO - 2023-07-11 07:04:50 --> Session: Class initialized using 'CodeIgniter\Session\Handlers\FileHandler' driver.
INFO - 2023-07-11 07:04:59 --> Session: Class initialized using 'CodeIgniter\Session\Handlers\FileHandler' driver.
INFO - 2023-07-11 07:05:40 --> Session: Class initialized using 'CodeIgniter\Session\Handlers\FileHandler' driver.
INFO - 2023-07-11 07:05:45 --> Session: Class initialized using 'CodeIgniter\Session\Handlers\FileHandler' driver.
INFO - 2023-07-11 07:05:51 --> Session: Class initialized using 'CodeIgniter\Session\Handlers\FileHandler' driver.
INFO - 2023-07-11 07:32:56 --> Session: Class initialized using 'CodeIgniter\Session\Handlers\FileHandler' driver.
